  P1Demo.cpp
  P1Exercise.cpp
C:\Visual Studio\GP P1\P1Demo\P1Demo\P1Exercise.cpp(12,18): warning C4305: 'initializing': truncation from 'double' to 'float'
C:\Visual Studio\GP P1\P1Demo\P1Demo\P1Exercise.cpp(85,22): warning C4305: 'argument': truncation from 'double' to 'GLfloat'
C:\Visual Studio\GP P1\P1Demo\P1Demo\P1Exercise.cpp(86,21): warning C4305: 'argument': truncation from 'double' to 'GLfloat'
C:\Visual Studio\GP P1\P1Demo\P1Demo\P1Exercise.cpp(95,22): warning C4305: 'argument': truncation from 'double' to 'GLfloat'
C:\Visual Studio\GP P1\P1Demo\P1Demo\P1Exercise.cpp(96,23): warning C4305: 'argument': truncation from 'double' to 'GLfloat'
C:\Visual Studio\GP P1\P1Demo\P1Demo\P1Exercise.cpp(104,22): warning C4305: 'argument': truncation from 'double' to 'GLfloat'
C:\Visual Studio\GP P1\P1Demo\P1Demo\P1Exercise.cpp(105,23): warning C4305: 'argument': truncation from 'double' to 'GLfloat'
C:\Visual Studio\GP P1\P1Demo\P1Demo\P1Exercise.cpp(112,22): warning C4305: 'argument': truncation from 'double' to 'GLfloat'
C:\Visual Studio\GP P1\P1Demo\P1Demo\P1Exercise.cpp(113,21): warning C4305: 'argument': truncation from 'double' to 'GLfloat'
C:\Visual Studio\GP P1\P1Demo\P1Demo\P1Exercise.cpp(114,22): warning C4305: 'argument': truncation from 'double' to 'GLfloat'
C:\Visual Studio\GP P1\P1Demo\P1Demo\P1Exercise.cpp(115,23): warning C4305: 'argument': truncation from 'double' to 'GLfloat'
C:\Visual Studio\GP P1\P1Demo\P1Demo\P1Exercise.cpp(127,23): warning C4305: 'argument': truncation from 'double' to 'GLfloat'
C:\Visual Studio\GP P1\P1Demo\P1Demo\P1Exercise.cpp(128,20): warning C4305: 'argument': truncation from 'double' to 'GLfloat'
C:\Visual Studio\GP P1\P1Demo\P1Demo\P1Exercise.cpp(129,21): warning C4305: 'argument': truncation from 'double' to 'GLfloat'
C:\Visual Studio\GP P1\P1Demo\P1Demo\P1Exercise.cpp(130,22): warning C4305: 'argument': truncation from 'double' to 'GLfloat'
C:\Visual Studio\GP P1\P1Demo\P1Demo\P1Exercise.cpp(136,22): warning C4305: 'argument': truncation from 'double' to 'GLfloat'
C:\Visual Studio\GP P1\P1Demo\P1Demo\P1Exercise.cpp(137,19): warning C4305: 'argument': truncation from 'double' to 'GLfloat'
C:\Visual Studio\GP P1\P1Demo\P1Demo\P1Exercise.cpp(144,22): warning C4305: 'argument': truncation from 'double' to 'GLfloat'
C:\Visual Studio\GP P1\P1Demo\P1Demo\P1Exercise.cpp(158,26): warning C4305: 'argument': truncation from 'double' to 'GLfloat'
C:\Visual Studio\GP P1\P1Demo\P1Demo\P1Exercise.cpp(159,21): warning C4305: 'argument': truncation from 'double' to 'GLfloat'
C:\Visual Studio\GP P1\P1Demo\P1Demo\P1Exercise.cpp(160,23): warning C4305: 'argument': truncation from 'double' to 'GLfloat'
C:\Visual Studio\GP P1\P1Demo\P1Demo\P1Exercise.cpp(161,23): warning C4305: 'argument': truncation from 'double' to 'GLfloat'
C:\Visual Studio\GP P1\P1Demo\P1Demo\P1Exercise.cpp(164,23): warning C4305: 'argument': truncation from 'double' to 'GLfloat'
C:\Visual Studio\GP P1\P1Demo\P1Demo\P1Exercise.cpp(170,25): warning C4305: 'argument': truncation from 'double' to 'GLfloat'
C:\Visual Studio\GP P1\P1Demo\P1Demo\P1Exercise.cpp(171,21): warning C4305: 'argument': truncation from 'double' to 'GLfloat'
C:\Visual Studio\GP P1\P1Demo\P1Demo\P1Exercise.cpp(172,21): warning C4305: 'argument': truncation from 'double' to 'GLfloat'
C:\Visual Studio\GP P1\P1Demo\P1Demo\P1Exercise.cpp(173,21): warning C4305: 'argument': truncation from 'double' to 'GLfloat'
C:\Visual Studio\GP P1\P1Demo\P1Demo\P1Exercise.cpp(176,21): warning C4305: 'argument': truncation from 'double' to 'GLfloat'
C:\Visual Studio\GP P1\P1Demo\P1Demo\P1Exercise.cpp(182,25): warning C4305: 'argument': truncation from 'double' to 'GLfloat'
C:\Visual Studio\GP P1\P1Demo\P1Demo\P1Exercise.cpp(183,22): warning C4305: 'argument': truncation from 'double' to 'GLfloat'
C:\Visual Studio\GP P1\P1Demo\P1Demo\P1Exercise.cpp(184,22): warning C4305: 'argument': truncation from 'double' to 'GLfloat'
C:\Visual Studio\GP P1\P1Demo\P1Demo\P1Exercise.cpp(185,22): warning C4305: 'argument': truncation from 'double' to 'GLfloat'
C:\Visual Studio\GP P1\P1Demo\P1Demo\P1Exercise.cpp(188,22): warning C4305: 'argument': truncation from 'double' to 'GLfloat'
C:\Visual Studio\GP P1\P1Demo\P1Demo\P1Exercise.cpp(194,25): warning C4305: 'argument': truncation from 'double' to 'GLfloat'
C:\Visual Studio\GP P1\P1Demo\P1Demo\P1Exercise.cpp(195,22): warning C4305: 'argument': truncation from 'double' to 'GLfloat'
C:\Visual Studio\GP P1\P1Demo\P1Demo\P1Exercise.cpp(196,23): warning C4305: 'argument': truncation from 'double' to 'GLfloat'
C:\Visual Studio\GP P1\P1Demo\P1Demo\P1Exercise.cpp(197,23): warning C4305: 'argument': truncation from 'double' to 'GLfloat'
C:\Visual Studio\GP P1\P1Demo\P1Demo\P1Exercise.cpp(200,23): warning C4305: 'argument': truncation from 'double' to 'GLfloat'
C:\Visual Studio\GP P1\P1Demo\P1Demo\P1Exercise.cpp(206,25): warning C4305: 'argument': truncation from 'double' to 'GLfloat'
C:\Visual Studio\GP P1\P1Demo\P1Demo\P1Exercise.cpp(207,23): warning C4305: 'argument': truncation from 'double' to 'GLfloat'
C:\Visual Studio\GP P1\P1Demo\P1Demo\P1Exercise.cpp(208,25): warning C4305: 'argument': truncation from 'double' to 'GLfloat'
C:\Visual Studio\GP P1\P1Demo\P1Demo\P1Exercise.cpp(209,23): warning C4305: 'argument': truncation from 'double' to 'GLfloat'
C:\Visual Studio\GP P1\P1Demo\P1Demo\P1Exercise.cpp(210,22): warning C4305: 'argument': truncation from 'double' to 'GLfloat'
C:\Visual Studio\GP P1\P1Demo\P1Demo\P1Exercise.cpp(211,25): warning C4305: 'argument': truncation from 'double' to 'GLfloat'
C:\Visual Studio\GP P1\P1Demo\P1Demo\P1Exercise.cpp(212,22): warning C4305: 'argument': truncation from 'double' to 'GLfloat'
C:\Visual Studio\GP P1\P1Demo\P1Demo\P1Exercise.cpp(213,25): warning C4305: 'argument': truncation from 'double' to 'GLfloat'
C:\Visual Studio\GP P1\P1Demo\P1Demo\P1Exercise.cpp(214,20): warning C4305: 'argument': truncation from 'double' to 'GLfloat'
C:\Visual Studio\GP P1\P1Demo\P1Demo\P1Exercise.cpp(215,21): warning C4305: 'argument': truncation from 'double' to 'GLfloat'
C:\Visual Studio\GP P1\P1Demo\P1Demo\P1Exercise.cpp(216,25): warning C4305: 'argument': truncation from 'double' to 'GLfloat'
C:\Visual Studio\GP P1\P1Demo\P1Demo\P1Exercise.cpp(217,23): warning C4305: 'argument': truncation from 'double' to 'GLfloat'
C:\Visual Studio\GP P1\P1Demo\P1Demo\P1Exercise.cpp(223,25): warning C4305: 'argument': truncation from 'double' to 'GLfloat'
C:\Visual Studio\GP P1\P1Demo\P1Demo\P1Exercise.cpp(224,23): warning C4305: 'argument': truncation from 'double' to 'GLfloat'
C:\Visual Studio\GP P1\P1Demo\P1Demo\P1Exercise.cpp(225,25): warning C4305: 'argument': truncation from 'double' to 'GLfloat'
C:\Visual Studio\GP P1\P1Demo\P1Demo\P1Exercise.cpp(226,22): warning C4305: 'argument': truncation from 'double' to 'GLfloat'
C:\Visual Studio\GP P1\P1Demo\P1Demo\P1Exercise.cpp(227,24): warning C4305: 'argument': truncation from 'double' to 'GLfloat'
C:\Visual Studio\GP P1\P1Demo\P1Demo\P1Exercise.cpp(228,25): warning C4305: 'argument': truncation from 'double' to 'GLfloat'
C:\Visual Studio\GP P1\P1Demo\P1Demo\P1Exercise.cpp(229,23): warning C4305: 'argument': truncation from 'double' to 'GLfloat'
C:\Visual Studio\GP P1\P1Demo\P1Demo\P1Exercise.cpp(230,25): warning C4305: 'argument': truncation from 'double' to 'GLfloat'
C:\Visual Studio\GP P1\P1Demo\P1Demo\P1Exercise.cpp(231,22): warning C4305: 'argument': truncation from 'double' to 'GLfloat'
C:\Visual Studio\GP P1\P1Demo\P1Demo\P1Exercise.cpp(232,21): warning C4305: 'argument': truncation from 'double' to 'GLfloat'
C:\Visual Studio\GP P1\P1Demo\P1Demo\P1Exercise.cpp(233,25): warning C4305: 'argument': truncation from 'double' to 'GLfloat'
C:\Visual Studio\GP P1\P1Demo\P1Demo\P1Exercise.cpp(234,23): warning C4305: 'argument': truncation from 'double' to 'GLfloat'
C:\Visual Studio\GP P1\P1Demo\P1Demo\P1Exercise.cpp(245,23): warning C4305: 'argument': truncation from 'double' to 'GLfloat'
C:\Visual Studio\GP P1\P1Demo\P1Demo\P1Exercise.cpp(246,20): warning C4305: 'argument': truncation from 'double' to 'GLfloat'
C:\Visual Studio\GP P1\P1Demo\P1Demo\P1Exercise.cpp(247,21): warning C4305: 'argument': truncation from 'double' to 'GLfloat'
C:\Visual Studio\GP P1\P1Demo\P1Demo\P1Exercise.cpp(248,22): warning C4305: 'argument': truncation from 'double' to 'GLfloat'
C:\Visual Studio\GP P1\P1Demo\P1Demo\P1Exercise.cpp(253,21): warning C4305: 'argument': truncation from 'double' to 'GLfloat'
C:\Visual Studio\GP P1\P1Demo\P1Demo\P1Exercise.cpp(254,22): warning C4305: 'argument': truncation from 'double' to 'GLfloat'
C:\Visual Studio\GP P1\P1Demo\P1Demo\P1Exercise.cpp(255,21): warning C4305: 'argument': truncation from 'double' to 'GLfloat'
C:\Visual Studio\GP P1\P1Demo\P1Demo\P1Exercise.cpp(256,19): warning C4305: 'argument': truncation from 'double' to 'GLfloat'
C:\Visual Studio\GP P1\P1Demo\P1Demo\P1Exercise.cpp(261,21): warning C4305: 'argument': truncation from 'double' to 'GLfloat'
C:\Visual Studio\GP P1\P1Demo\P1Demo\P1Exercise.cpp(262,19): warning C4305: 'argument': truncation from 'double' to 'GLfloat'
C:\Visual Studio\GP P1\P1Demo\P1Demo\P1Exercise.cpp(263,20): warning C4305: 'argument': truncation from 'double' to 'GLfloat'
C:\Visual Studio\GP P1\P1Demo\P1Demo\P1Exercise.cpp(264,19): warning C4305: 'argument': truncation from 'double' to 'GLfloat'
C:\Visual Studio\GP P1\P1Demo\P1Demo\P1Exercise.cpp(269,21): warning C4305: 'argument': truncation from 'double' to 'GLfloat'
C:\Visual Studio\GP P1\P1Demo\P1Demo\P1Exercise.cpp(270,23): warning C4305: 'argument': truncation from 'double' to 'GLfloat'
C:\Visual Studio\GP P1\P1Demo\P1Demo\P1Exercise.cpp(271,20): warning C4305: 'argument': truncation from 'double' to 'GLfloat'
C:\Visual Studio\GP P1\P1Demo\P1Demo\P1Exercise.cpp(272,22): warning C4305: 'argument': truncation from 'double' to 'GLfloat'
C:\Visual Studio\GP P1\P1Demo\P1Demo\P1Exercise.cpp(277,21): warning C4305: 'argument': truncation from 'double' to 'GLfloat'
C:\Visual Studio\GP P1\P1Demo\P1Demo\P1Exercise.cpp(278,21): warning C4305: 'argument': truncation from 'double' to 'GLfloat'
C:\Visual Studio\GP P1\P1Demo\P1Demo\P1Exercise.cpp(279,20): warning C4305: 'argument': truncation from 'double' to 'GLfloat'
C:\Visual Studio\GP P1\P1Demo\P1Demo\P1Exercise.cpp(280,20): warning C4305: 'argument': truncation from 'double' to 'GLfloat'
  Generating Code...
  P1Demo.vcxproj -> C:\Visual Studio\GP P1\P1Demo\Debug\P1Demo.exe
